<?xml version="1.0" encoding="UTF-8"?>
<coverage generated="1360000805">
  <project timestamp="1360000805">
    <file name="/var/lib/jenkins/jobs/Rock_Paper_Scissors_Drupal/workspace/build/tests/phpunit/bootstrap.php">
      <class name="bootStrapForTests" namespace="global">
        <metrics methods="1" coveredmethods="1" conditionals="0" coveredconditionals="0" statements="5" coveredstatements="5" elements="6" coveredelements="6"/>
      </class>
      <line num="3" type="stmt" count="1"/>
      <line num="4" type="stmt" count="1"/>
      <line num="8" type="method" name="launch" crap="1" count="1"/>
      <line num="9" type="stmt" count="1"/>
      <line num="10" type="stmt" count="1"/>
      <line num="11" type="stmt" count="1"/>
      <line num="12" type="stmt" count="1"/>
      <line num="13" type="stmt" count="1"/>
      <metrics loc="14" ncloc="14" classes="1" methods="1" coveredmethods="1" conditionals="0" coveredconditionals="0" statements="7" coveredstatements="7" elements="8" coveredelements="8"/>
    </file>
    <package name="Core">
      <file name="/var/lib/jenkins/jobs/Rock_Paper_Scissors_Drupal/workspace/src/sites/all/modules/gc_rpsgame/AutoLoad.php">
        <class name="AutoLoader" namespace="Core">
          <metrics methods="2" coveredmethods="2" conditionals="0" coveredconditionals="0" statements="6" coveredstatements="6" elements="8" coveredelements="8"/>
        </class>
        <line num="0" type="stmt" count="10"/>
        <line num="7" type="method" name="launch" crap="1" count="1"/>
        <line num="8" type="stmt" count="1"/>
        <line num="9" type="stmt" count="1"/>
        <line num="11" type="method" name="autoLoad" crap="2" count="10"/>
        <line num="12" type="stmt" count="10"/>
        <line num="13" type="stmt" count="10"/>
        <line num="14" type="stmt" count="10"/>
        <line num="15" type="stmt" count="10"/>
        <metrics loc="16" ncloc="16" classes="1" methods="2" coveredmethods="2" conditionals="0" coveredconditionals="0" statements="6" coveredstatements="6" elements="8" coveredelements="8"/>
      </file>
      <file name="/var/lib/jenkins/jobs/Rock_Paper_Scissors_Drupal/workspace/src/sites/all/modules/gc_rpsgame/Core/Control.php">
        <class name="Control" namespace="Core">
          <metrics methods="1" coveredmethods="1" conditionals="0" coveredconditionals="0" statements="4" coveredstatements="4" elements="5" coveredelements="5"/>
        </class>
        <line num="7" type="method" name="executeControl" crap="1" count="2"/>
        <line num="8" type="stmt" count="2"/>
        <line num="9" type="stmt" count="2"/>
        <line num="10" type="stmt" count="2"/>
        <line num="11" type="stmt" count="2"/>
        <metrics loc="13" ncloc="13" classes="1" methods="1" coveredmethods="1" conditionals="0" coveredconditionals="0" statements="4" coveredstatements="4" elements="5" coveredelements="5"/>
      </file>
      <file name="/var/lib/jenkins/jobs/Rock_Paper_Scissors_Drupal/workspace/src/sites/all/modules/gc_rpsgame/Core/DrupalHelper.php">
        <class name="DrupalHelper" namespace="Core">
          <metrics methods="1" coveredmethods="1" conditionals="0" coveredconditionals="0" statements="4" coveredstatements="4" elements="5" coveredelements="5"/>
        </class>
        <line num="7" type="method" name="getFunc" crap="2" count="4"/>
        <line num="8" type="stmt" count="4"/>
        <line num="9" type="stmt" count="2"/>
        <line num="10" type="stmt" count="2"/>
        <line num="11" type="stmt" count="2"/>
        <metrics loc="13" ncloc="13" classes="1" methods="1" coveredmethods="1" conditionals="0" coveredconditionals="0" statements="4" coveredstatements="4" elements="5" coveredelements="5"/>
      </file>
      <file name="/var/lib/jenkins/jobs/Rock_Paper_Scissors_Drupal/workspace/src/sites/all/modules/gc_rpsgame/Core/Router.php">
        <class name="Router" namespace="Core">
          <metrics methods="5" coveredmethods="5" conditionals="0" coveredconditionals="0" statements="18" coveredstatements="18" elements="23" coveredelements="23"/>
        </class>
        <line num="0" type="stmt" count="6"/>
        <line num="18" type="method" name="run" crap="1" count="4"/>
        <line num="19" type="stmt" count="4"/>
        <line num="20" type="stmt" count="4"/>
        <line num="25" type="method" name="setCurrentRoute" crap="2" count="4"/>
        <line num="26" type="stmt" count="4"/>
        <line num="27" type="stmt" count="4"/>
        <line num="28" type="stmt" count="4"/>
        <line num="29" type="stmt" count="4"/>
        <line num="31" type="method" name="getDefaultRoute" crap="1" count="6"/>
        <line num="32" type="stmt" count="6"/>
        <line num="33" type="stmt" count="6"/>
        <line num="36" type="method" name="setRouteController" crap="3" count="7"/>
        <line num="37" type="stmt" count="7"/>
        <line num="38" type="stmt" count="7"/>
        <line num="39" type="stmt" count="7"/>
        <line num="41" type="method" name="setRouteAction" crap="5" count="3"/>
        <line num="42" type="stmt" count="3"/>
        <line num="43" type="stmt" count="3"/>
        <line num="44" type="stmt" count="3"/>
        <line num="45" type="stmt" count="3"/>
        <line num="46" type="stmt" count="3"/>
        <line num="47" type="stmt" count="3"/>
        <line num="48" type="stmt" count="3"/>
        <metrics loc="49" ncloc="40" classes="1" methods="5" coveredmethods="5" conditionals="0" coveredconditionals="0" statements="18" coveredstatements="18" elements="23" coveredelements="23"/>
      </file>
      <file name="/var/lib/jenkins/jobs/Rock_Paper_Scissors_Drupal/workspace/src/sites/all/modules/gc_rpsgame/Core/View.php">
        <class name="View" namespace="Core">
          <metrics methods="4" coveredmethods="4" conditionals="0" coveredconditionals="0" statements="15" coveredstatements="15" elements="19" coveredelements="19"/>
        </class>
        <line num="7" type="method" name="executeView" crap="2" count="1"/>
        <line num="8" type="stmt" count="1"/>
        <line num="9" type="stmt" count="1"/>
        <line num="10" type="stmt" count="1"/>
        <line num="11" type="stmt" count="1"/>
        <line num="12" type="stmt" count="1"/>
        <line num="14" type="method" name="loadLayout" crap="2" count="1"/>
        <line num="15" type="stmt" count="1"/>
        <line num="16" type="stmt" count="1"/>
        <line num="17" type="stmt" count="1"/>
        <line num="18" type="stmt" count="1"/>
        <line num="21" type="method" name="loadTemplate" crap="2" count="1"/>
        <line num="22" type="stmt" count="1"/>
        <line num="23" type="stmt" count="1"/>
        <line num="24" type="stmt" count="1"/>
        <line num="25" type="stmt" count="1"/>
        <line num="28" type="method" name="renderAll" crap="1" count="1"/>
        <line num="29" type="stmt" count="1"/>
        <line num="30" type="stmt" count="1"/>
        <metrics loc="31" ncloc="31" classes="1" methods="4" coveredmethods="4" conditionals="0" coveredconditionals="0" statements="15" coveredstatements="15" elements="19" coveredelements="19"/>
      </file>
    </package>
    <package name="Controller">
      <file name="/var/lib/jenkins/jobs/Rock_Paper_Scissors_Drupal/workspace/src/sites/all/modules/gc_rpsgame/Controller/Base.php">
        <class name="Base" namespace="Controller">
          <metrics methods="1" coveredmethods="1" conditionals="0" coveredconditionals="0" statements="5" coveredstatements="5" elements="6" coveredelements="6"/>
        </class>
        <line num="10" type="method" name="__construct" crap="2" count="20"/>
        <line num="11" type="stmt" count="20"/>
        <line num="12" type="stmt" count="20"/>
        <line num="13" type="stmt" count="2"/>
        <line num="14" type="stmt" count="18"/>
        <line num="15" type="stmt" count="20"/>
        <metrics loc="16" ncloc="16" classes="1" methods="1" coveredmethods="1" conditionals="0" coveredconditionals="0" statements="5" coveredstatements="5" elements="6" coveredelements="6"/>
      </file>
      <file name="/var/lib/jenkins/jobs/Rock_Paper_Scissors_Drupal/workspace/src/sites/all/modules/gc_rpsgame/Controller/Game.php">
        <class name="Game" namespace="Controller">
          <metrics methods="6" coveredmethods="6" conditionals="0" coveredconditionals="0" statements="34" coveredstatements="34" elements="40" coveredelements="40"/>
        </class>
        <line num="0" type="stmt" count="3"/>
        <line num="7" type="method" name="execute" crap="5" count="8"/>
        <line num="8" type="stmt" count="8"/>
        <line num="9" type="stmt" count="5"/>
        <line num="10" type="stmt" count="3"/>
        <line num="11" type="stmt" count="2"/>
        <line num="12" type="stmt" count="2"/>
        <line num="13" type="stmt" count="1"/>
        <line num="14" type="stmt" count="1"/>
        <line num="15" type="stmt" count="1"/>
        <line num="16" type="stmt" count="1"/>
        <line num="19" type="method" name="processGame" crap="1" count="1"/>
        <line num="20" type="stmt" count="1"/>
        <line num="21" type="stmt" count="1"/>
        <line num="22" type="stmt" count="1"/>
        <line num="23" type="stmt" count="1"/>
        <line num="24" type="stmt" count="1"/>
        <line num="26" type="method" name="processAllPlayersAndChoices" crap="1" count="1"/>
        <line num="27" type="stmt" count="1"/>
        <line num="28" type="stmt" count="1"/>
        <line num="29" type="stmt" count="1"/>
        <line num="30" type="stmt" count="1"/>
        <line num="33" type="method" name="processSinglePlayer" crap="2" count="1"/>
        <line num="34" type="stmt" count="1"/>
        <line num="35" type="stmt" count="1"/>
        <line num="36" type="stmt" count="1"/>
        <line num="37" type="stmt" count="1"/>
        <line num="38" type="stmt" count="1"/>
        <line num="42" type="method" name="calculateWinner" crap="1" count="2"/>
        <line num="43" type="stmt" count="2"/>
        <line num="44" type="stmt" count="2"/>
        <line num="45" type="stmt" count="2"/>
        <line num="46" type="stmt" count="2"/>
        <line num="47" type="stmt" count="2"/>
        <line num="48" type="stmt" count="2"/>
        <line num="49" type="stmt" count="2"/>
        <line num="50" type="stmt" count="2"/>
        <line num="53" type="method" name="getRandomPlayerChoice" crap="1" count="3"/>
        <line num="54" type="stmt" count="3"/>
        <line num="55" type="stmt" count="3"/>
        <line num="56" type="stmt" count="3"/>
        <metrics loc="58" ncloc="58" classes="1" methods="6" coveredmethods="6" conditionals="0" coveredconditionals="0" statements="34" coveredstatements="34" elements="40" coveredelements="40"/>
      </file>
      <file name="/var/lib/jenkins/jobs/Rock_Paper_Scissors_Drupal/workspace/src/sites/all/modules/gc_rpsgame/Controller/Page.php">
        <class name="Page" namespace="Controller">
          <metrics methods="1" coveredmethods="1" conditionals="0" coveredconditionals="0" statements="4" coveredstatements="4" elements="5" coveredelements="5"/>
        </class>
        <line num="7" type="method" name="execute" crap="1" count="3"/>
        <line num="8" type="stmt" count="3"/>
        <line num="9" type="stmt" count="3"/>
        <line num="10" type="stmt" count="3"/>
        <line num="11" type="stmt" count="3"/>
        <metrics loc="13" ncloc="13" classes="1" methods="1" coveredmethods="1" conditionals="0" coveredconditionals="0" statements="4" coveredstatements="4" elements="5" coveredelements="5"/>
      </file>
    </package>
    <package name="Model">
      <file name="/var/lib/jenkins/jobs/Rock_Paper_Scissors_Drupal/workspace/src/sites/all/modules/gc_rpsgame/Model/BasePage.php">
        <class name="BasePage" namespace="Model">
          <metrics methods="2" coveredmethods="2" conditionals="0" coveredconditionals="0" statements="9" coveredstatements="9" elements="11" coveredelements="11"/>
        </class>
        <line num="11" type="method" name="__construct" crap="1" count="39"/>
        <line num="12" type="stmt" count="39"/>
        <line num="13" type="stmt" count="39"/>
        <line num="14" type="stmt" count="39"/>
        <line num="15" type="stmt" count="39"/>
        <line num="17" type="method" name="getPageData" crap="1" count="9"/>
        <line num="18" type="stmt" count="9"/>
        <line num="19" type="stmt" count="9"/>
        <line num="20" type="stmt" count="9"/>
        <line num="21" type="stmt" count="9"/>
        <line num="22" type="stmt" count="9"/>
        <metrics loc="23" ncloc="23" classes="1" methods="2" coveredmethods="2" conditionals="0" coveredconditionals="0" statements="9" coveredstatements="9" elements="11" coveredelements="11"/>
      </file>
      <file name="/var/lib/jenkins/jobs/Rock_Paper_Scissors_Drupal/workspace/src/sites/all/modules/gc_rpsgame/Model/FullCVPage.php">
        <class name="FullCVPage" namespace="Model">
          <metrics methods="3" coveredmethods="3" conditionals="0" coveredconditionals="0" statements="3" coveredstatements="3" elements="6" coveredelements="6"/>
        </class>
        <line num="7" type="method" name="setTitle" crap="1" count="12"/>
        <line num="8" type="stmt" count="12"/>
        <line num="10" type="method" name="setSubTitle" crap="1" count="12"/>
        <line num="11" type="stmt" count="12"/>
        <line num="13" type="method" name="setContent" crap="1" count="12"/>
        <line num="14" type="stmt" count="12"/>
        <metrics loc="15" ncloc="15" classes="1" methods="3" coveredmethods="3" conditionals="0" coveredconditionals="0" statements="3" coveredstatements="3" elements="6" coveredelements="6"/>
      </file>
      <file name="/var/lib/jenkins/jobs/Rock_Paper_Scissors_Drupal/workspace/src/sites/all/modules/gc_rpsgame/Model/HiPage.php">
        <class name="HiPage" namespace="Model">
          <metrics methods="3" coveredmethods="3" conditionals="0" coveredconditionals="0" statements="3" coveredstatements="3" elements="6" coveredelements="6"/>
        </class>
        <line num="7" type="method" name="setTitle" crap="1" count="15"/>
        <line num="8" type="stmt" count="15"/>
        <line num="10" type="method" name="setSubTitle" crap="1" count="15"/>
        <line num="11" type="stmt" count="15"/>
        <line num="13" type="method" name="setContent" crap="1" count="15"/>
        <line num="14" type="stmt" count="15"/>
        <metrics loc="15" ncloc="15" classes="1" methods="3" coveredmethods="3" conditionals="0" coveredconditionals="0" statements="3" coveredstatements="3" elements="6" coveredelements="6"/>
      </file>
      <file name="/var/lib/jenkins/jobs/Rock_Paper_Scissors_Drupal/workspace/src/sites/all/modules/gc_rpsgame/Model/JuicyCVPage.php">
        <class name="JuicyCVPage" namespace="Model">
          <metrics methods="3" coveredmethods="3" conditionals="0" coveredconditionals="0" statements="3" coveredstatements="3" elements="6" coveredelements="6"/>
        </class>
        <line num="7" type="method" name="setTitle" crap="1" count="12"/>
        <line num="8" type="stmt" count="12"/>
        <line num="10" type="method" name="setSubTitle" crap="1" count="12"/>
        <line num="11" type="stmt" count="12"/>
        <line num="13" type="method" name="setContent" crap="1" count="12"/>
        <line num="14" type="stmt" count="12"/>
        <metrics loc="15" ncloc="15" classes="1" methods="3" coveredmethods="3" conditionals="0" coveredconditionals="0" statements="3" coveredstatements="3" elements="6" coveredelements="6"/>
      </file>
      <file name="/var/lib/jenkins/jobs/Rock_Paper_Scissors_Drupal/workspace/src/sites/all/modules/gc_rpsgame/Model/PageFactory.php">
        <class name="PageFactory" namespace="Model">
          <metrics methods="2" coveredmethods="2" conditionals="0" coveredconditionals="0" statements="6" coveredstatements="6" elements="8" coveredelements="8"/>
        </class>
        <line num="7" type="method" name="getPageModel" crap="1" count="3"/>
        <line num="8" type="stmt" count="3"/>
        <line num="9" type="stmt" count="3"/>
        <line num="12" type="method" name="getModelNameFromPage" crap="2" count="3"/>
        <line num="13" type="stmt" count="3"/>
        <line num="14" type="stmt" count="3"/>
        <line num="15" type="stmt" count="3"/>
        <line num="16" type="stmt" count="3"/>
        <metrics loc="18" ncloc="18" classes="1" methods="2" coveredmethods="2" conditionals="0" coveredconditionals="0" statements="6" coveredstatements="6" elements="8" coveredelements="8"/>
      </file>
    </package>
    <file name="/var/lib/jenkins/jobs/Rock_Paper_Scissors_Drupal/workspace/src/sites/all/modules/gc_rpsgame/Views/DefaultLayout.tpl.php">
      <line num="21" type="stmt" count="1"/>
      <metrics loc="20" ncloc="20" classes="0" methods="0" coveredmethods="0" conditionals="0" coveredconditionals="0" statements="0" coveredstatements="0" elements="0" coveredelements="0"/>
    </file>
    <metrics files="15" loc="329" ncloc="320" classes="14" methods="35" coveredmethods="35" conditionals="0" coveredconditionals="0" statements="121" coveredstatements="121" elements="156" coveredelements="156"/>
  </project>
</coverage>
